SPPARKS (19 Nov 2013 -- potts-ori branch)
seed 1511040239
app_style	 potts/ori 1
dimension	 2
lattice		 sq/8n 1.0
read_dream3d	 filename initial.dream3d load_ori
create_sites boxCreating sites ...
  1048576 sites
  1048576 sites have 8 neighbors
  1048576 values

set_mobility	 binary theta_max 50 min_mobility 0.001
precompute    	 mobility

solve_style      tree
sector		 no

temperature	 0.9

stats            2000.0
diag_style	 grainsize filename stats.h5

dump txtfile text 500000 AGG_Sites.*.txt x y z 

dump		 1 dream3d 5000 agg_dump*.dream3d id site version 6.0 dataset SyntheticVolume
dump_modify	 1 pad 6

run              500000.0
Setting up run ...
      Time    Naccept    Nreject    Nsweeps        CPU    Ngrains
         0          0          0          0          0       1796
   2000.01     100638          0          0       1.53       1795
   4000.01     207815          0          0       3.09       1782
      6000     315892          0          0       5.05       1777
   8000.02     425136          0          0       6.71       1763
     10000     533970          0          0       8.46       1756
     12000     643539          0          0       10.1       1752
     14000     754640          0          0       11.8       1742
     16000     863903          0          0       13.5       1742
     18000     972868          0          0       15.1       1731
     20000    1081740          0          0       16.8       1725
     22000    1191801          0          0       18.5       1722
     24000    1302647          0          0       20.1       1718
     26000    1413109          0          0       21.9       1713
     28000    1522347          0          0       23.5       1710
     30000    1633286          0          0       25.3       1701
     32000    1744303          0          0       26.9       1699
     34000    1855522          0          0       28.6       1692
     36000    1966581          0          0       30.5       1687
     38000    2077036          0          0       32.1       1683
     40000    2188548          0          0       35.1       1680
     42000    2298290          0          0       36.7       1674
     44000    2411126          0          0       38.3       1671
     46000    2523398          0          0       40.7       1661
     48000    2634028          0          0       42.4       1659
     50000    2742786          0          0       44.1       1655
   52000.1    2851482          0          0       45.6       1650
     54000    2962999          0          0       47.1       1646
     56000    3073186          0          0         49       1642
     58000    3182240          0          0       50.6       1635
     60000    3290296          0          0       53.9       1630
     62000    3398639          0          0       55.4       1623
     64000    3506682          0          0       56.8       1615
     66000    3614042          0          0       59.7       1607
     68000    3722118          0          0       60.7       1603
     70000    3829066          0          0        100       1599
     72000    3935848          0          0        103       1591
     74000    4043695          0          0        104       1582
     76000    4152047          0          0        159       1577
     78000    4260562          0          0        164       1570
     80000    4370449          0          0        212       1567
     82000    4480692          0          0        213       1560
     84000    4590675          0          0        216       1554
     86000    4700652          0          0        225       1550
     88000    4809900          0          0        231       1545
     90000    4920025          0          0        234       1542
     92000    5029269          0          0        235       1535
     94000    5137499          0          0        237       1532
     96000    5243978          0          0        239       1529
     98000    5352165          0          0        240       1526
    100000    5460266          0          0        242       1522
    102000    5568353          0          0        244       1519
    104000    5677832          0          0        245       1513
    106000    5786458          0          0        256       1512
    108000    5894014          0          0        257       1508
    110000    6000920          0          0        260       1505
    112000    6108364          0          0        262       1498
    114000    6218112          0          0        263       1491
    116000    6327555          0          0        268       1486
    118000    6436639          0          0        269       1483
    120000    6545474          0          0        284       1477
    122000    6654560          0          0        287       1473
    124000    6762103          0          0        289       1471
    126000    6867914          0          0        357       1463
    128000    6973646          0          0        360       1459
    130000    7077941          0          0        366       1453
    132000    7181258          0          0        367       1452
    134000    7285997          0          0        369       1446
    136000    7390959          0          0        373       1442
    138000    7494379          0          0        374       1438
    140000    7597284          0          0        438       1434
    142000    7701272          0          0        445       1428
    144000    7806221          0          0        450       1422
    146000    7910188          0          0        459       1415
    148000    8014050          0          0        461       1411
    150000    8117196          0          0        479       1407
    152000    8218897          0          0        482       1403
    154000    8322320          0          0        483       1399
    156000    8427102          0          0        495       1395
    158000    8531554          0          0        496       1392
    160000    8636866          0          0        498       1391
    162000    8742724          0          0        500       1388
    164000    8848183          0          0        502       1379
    166000    8953284          0          0        504       1374
    168000    9056872          0          0        505       1372
    170000    9161588          0          0        508       1370
    172000    9267073          0          0        517       1364
    174000    9371612          0          0        522       1358
    176000    9475822          0          0        587       1355
    178000    9578123          0          0        589       1352
    180000    9679693          0          0        614       1347
    182000    9783002          0          0        616       1342
    184000    9886879          0          0        617       1335
    186000    9989677          0          0        619       1331
    188000   10091279          0          0        625       1324
    190000   10192674          0          0        699       1319
    192000   10293475          0          0        700       1317
    194000   10394061          0          0        700       1313
    196000   10494607          0          0        706       1311
    198000   10593584          0          0        707       1307
    200000   10692688          0          0        710       1303
    202000   10792927          0          0        711       1299
    204000   10894683          0          0        713       1295
    206000   10997040          0          0        715       1292
    208000   11098306          0          0        717       1284
    210000   11199710          0          0        719       1279
    212000   11300132          0          0        721       1273
    214000   11400764          0          0        722       1270
    216000   11499960          0          0        727       1269
    218000   11599422          0          0        728       1269
    220000   11700087          0          0        731       1266
    222000   11801979          0          0        733       1262
    224000   11903748          0          0        735       1259
    226000   12005733          0          0        737       1257
    228000   12105480          0          0        739       1254
    230000   12206093          0          0        767       1253
    232000   12305790          0          0        831       1250
    234000   12404805          0          0        832       1244
    236000   12502728          0          0        853       1243
    238000   12600904          0          0        855       1239
    240000   12698176          0          0        858       1236
    242000   12797201          0          0        860       1232
    244000   12899747          0          0        864       1229
    246000   13002988          0          0        904       1227
    248000   13105907          0          0        912       1223
    250000   13209719          0          0        950       1217
    252000   13314984          0          0        952       1216
    254000   13422304          0          0        953       1213
    256000   13531647          0          0        960       1213
    258000   13640825          0          0        962       1211
    260000   13747713          0          0        968       1210
    262000   13859277          0          0        969       1206
    264000   13968797          0          0        971       1202
    266000   14079181          0          0        973       1200
    268000   14191269          0          0        974       1199
    270000   14305632          0          0        976       1194
    272000   14419017          0          0        978       1192
    274000   14532482          0          0        979       1191
    276000   14652494          0          0        983       1187
    278000   14773289          0          0        985       1185
    280000   14894326          0          0   1.01e+03       1184
    282000   15015082          0          0   1.02e+03       1178
    284000   15137784          0          0   1.05e+03       1177
    286000   15260960          0          0   1.11e+03       1177
    288000   15386717          0          0   1.11e+03       1176
    290000   15512205          0          0   1.15e+03       1173
    292000   15634388          0          0   1.15e+03       1172
    294000   15758180          0          0   1.15e+03       1170
    296000   15882316          0          0   1.15e+03       1168
    298000   16006695          0          0   1.15e+03       1164
    300000   16128562          0          0   1.16e+03       1161
    302000   16254853          0          0   1.16e+03       1153
    304000   16381263          0          0   1.16e+03       1151
    306000   16510806          0          0   1.16e+03       1149
    308000   16643021          0          0   1.16e+03       1146
    310000   16773567          0          0   1.17e+03       1142
    312000   16906636          0          0   1.17e+03       1140
    314000   17045917          0          0   1.17e+03       1138
    316000   17189421          0          0   1.17e+03       1136
    318000   17329928          0          0   1.17e+03       1132
    320000   17474938          0          0   1.22e+03       1131
    322000   17621765          0          0   1.23e+03       1129
    324000   17771066          0          0   1.23e+03       1125
    326000   17921488          0          0    1.3e+03       1120
    328000   18070822          0          0    1.3e+03       1119
    330000   18222396          0          0   1.32e+03       1117
    332000   18375186          0          0   1.32e+03       1114
    334000   18532582          0          0   1.32e+03       1111
    336000   18689289          0          0   1.33e+03       1110
    338000   18845535          0          0   1.34e+03       1106
    340000   19002340          0          0   1.34e+03       1104
    342000   19161732          0          0   1.34e+03       1103
    344000   19320632          0          0   1.34e+03       1100
    346000   19480045          0          0   1.35e+03       1098
    348000   19639692          0          0   1.35e+03       1095
    350000   19799814          0          0   1.36e+03       1092
    352000   19959166          0          0   1.36e+03       1090
    354000   20119081          0          0   1.36e+03       1086
    356000   20281386          0          0   1.37e+03       1086
    358000   20441043          0          0   1.37e+03       1084
    360000   20603955          0          0    1.4e+03       1083
    362000   20767729          0          0   1.41e+03       1078
    364000   20931637          0          0   1.41e+03       1074
    366000   21100095          0          0   1.46e+03       1074
    368000   21266085          0          0   1.46e+03       1070
    370000   21433389          0          0    1.5e+03       1069
    372000   21598680          0          0    1.5e+03       1069
    374000   21767205          0          0   1.51e+03       1066
    376000   21943320          0          0   1.52e+03       1063
    378000   22119584          0          0   1.53e+03       1063
    380000   22298231          0          0   1.53e+03       1057
    382000   22475578          0          0   1.53e+03       1053
    384000   22654849          0          0   1.53e+03       1052
    386000   22836737          0          0   1.54e+03       1048
    388000   23019239          0          0   1.54e+03       1044
    390000   23202897          0          0   1.55e+03       1042
    392000   23386555          0          0   1.56e+03       1041
    394000   23574528          0          0   1.56e+03       1041
    396000   23762681          0          0   1.57e+03       1039
    398000   23959972          0          0   1.58e+03       1037
    400000   24159612          0          0   1.58e+03       1035
    402000   24361237          0          0   1.58e+03       1029
    404000   24556842          0          0   1.58e+03       1027
    406000   24753843          0          0   1.59e+03       1026
    408000   24949894          0          0   1.62e+03       1024
    410000   25147912          0          0   1.67e+03       1023
    412000   25346066          0          0   1.67e+03       1021
    414000   25546735          0          0   1.67e+03       1019
    416000   25745743          0          0   1.69e+03       1019
    418000   25945696          0          0   1.69e+03       1018
    420000   26152484          0          0   1.69e+03       1015
    422000   26359192          0          0    1.7e+03       1014
    424000   26562672          0          0    1.7e+03       1011
    426000   26765124          0          0    1.7e+03       1008
    428000   26965218          0          0    1.7e+03       1003
    430000   27164358          0          0   1.72e+03       1000
    432000   27358324          0          0   1.72e+03        999
    434000   27548790          0          0   1.72e+03        996
    436000   27741460          0          0   1.72e+03        996
    438000   27937095          0          0   1.73e+03        994
    440000   28132452          0          0   1.73e+03        993
    442000   28329723          0          0   1.73e+03        993
    444000   28526797          0          0   1.73e+03        990
    446000   28721284          0          0   1.74e+03        988
    448000   28918848          0          0   1.74e+03        987
    450000   29114191          0          0   1.75e+03        984
    452000   29314469          0          0   1.75e+03        981
    454000   29512991          0          0   1.75e+03        981
    456000   29712483          0          0   1.79e+03        979
    458000   29912050          0          0    1.8e+03        978
    460000   30107377          0          0   1.81e+03        976
    462000   30312922          0          0   1.81e+03        975
    464000   30512757          0          0   1.81e+03        971
    466000   30717281          0          0   1.82e+03        969
    468000   30917275          0          0   1.82e+03        966
    470000   31113518          0          0   1.85e+03        966
    472000   31306079          0          0   1.85e+03        964
    474000   31503173          0          0   1.85e+03        963
    476000   31702539          0          0   1.86e+03        962
    478000   31902351          0          0   1.86e+03        962
    480000   32105618          0          0   1.86e+03        959
    482000   32308880          0          0   1.86e+03        959
    484000   32509952          0          0   1.87e+03        958
    486000   32710713          0          0   1.87e+03        956
    488000   32914702          0          0   1.87e+03        955
    490000   33118503          0          0   1.87e+03        954
    492000   33323346          0          0   1.88e+03        953
    494000   33524814          0          0   1.88e+03        953
    496000   33732388          0          0   1.89e+03        953
    498000   33938191          0          0   1.89e+03        951
    500000   34143476          0          0    1.9e+03        950
Loop time of 1899.8 on 1 procs

Solve time (%) = 34.3767 (1.80949)
Update time (%) = 0 (0)
Comm  time (%) = 0 (0)
Outpt time (%) = 1611.93 (84.8472)
App   time (%) = 248.897 (13.1012)
Other time (%) = 4.60014 (0.242138)

