SPPARKS (19 Nov 2013 -- potts-ori branch)
seed 621398049
app_style	 potts/ori 1
dimension	 2
lattice		 sq/8n 1.0
read_dream3d	 filename initial.dream3d load_ori
create_sites boxCreating sites ...
  1048576 sites
  1048576 sites have 8 neighbors
  1048576 values

set_mobility	 binary theta_max 50 min_mobility 0.001
precompute    	 mobility

solve_style      tree
sector		 no

temperature	 0.9

stats            2000.0
diag_style	 grainsize filename stats.h5

dump txtfile text 500000 AGG_Sites.*.txt x y z 

dump		 1 dream3d 5000 agg_dump*.dream3d id site version 6.0 dataset SyntheticVolume
dump_modify	 1 pad 6

run              500000.0
Setting up run ...
      Time    Naccept    Nreject    Nsweeps        CPU    Ngrains
         0          0          0          0          0       1734
   2000.02     207643          0          0       1.69       1729
   4000.02     380127          0          0       3.22       1721
      6000     540104          0          0       4.76       1718
      8000     701835          0          0       6.28       1715
     10000     860946          0          0       7.83       1710
     12000    1022239          0          0       9.32       1706
     14000    1185087          0          0       10.9       1698
     16000    1348738          0          0       12.6       1692
     18000    1509790          0          0       14.2       1687
     20000    1666306          0          0       15.9       1683
     22000    1826682          0          0       17.7       1676
     24000    1988516          0          0       19.3       1670
     26000    2150989          0          0       21.3       1664
     28000    2312729          0          0       23.1       1658
     30000    2471774          0          0         25       1653
     32000    2632383          0          0       26.9       1649
     34000    2793909          0          0       28.9       1641
     36000    2954312          0          0       30.9       1635
   38000.1    3115584          0          0       32.9       1631
     40000    3278252          0          0       34.9       1626
     42000    3440518          0          0       36.8       1622
     44000    3601648          0          0       38.7       1617
     46000    3761290          0          0       40.9       1611
     48000    3883977          0          0       42.6       1607
     50000    4006479          0          0       44.4       1600
     52000    4127851          0          0       46.1       1590
     54000    4248960          0          0       47.8       1586
     56000    4369108          0          0       49.7       1580
     58000    4489721          0          0       51.4       1574
     60000    4610975          0          0       54.5       1570
     62000    4731749          0          0       56.1       1564
     64000    4853054          0          0       57.7       1557
     66000    4974610          0          0       59.6       1552
     68000    5096159          0          0       61.2       1550
     70000    5217999          0          0       63.2       1546
     72000    5339226          0          0       64.6       1543
     74000    5458608          0          0       66.2       1537
     76000    5578745          0          0         68       1532
     78000    5697359          0          0       69.6       1530
     80000    5817408          0          0       72.8       1526
     82000    5935220          0          0       74.3       1522
     84000    6052516          0          0       75.9       1518
     86000    6169183          0          0       78.9       1518
     88000    6286559          0          0       79.9       1517
     90000    6405258          0          0        120       1517
     92000    6525644          0          0        152       1511
     94000    6647935          0          0        155       1511
     96000    6770026          0          0        159       1509
     98000    6893256          0          0        162       1506
    100000    7017152          0          0        210       1500
    102000    7141151          0          0        215       1497
    104000    7265391          0          0        219       1494
    106000    7390131          0          0        232       1488
    108000    7514897          0          0        234       1481
    110000    7640936          0          0        238       1477
    112000    7765884          0          0        239       1472
    114000    7890340          0          0        240       1470
    116000    8014080          0          0        252       1466
    118000    8138561          0          0        253       1461
    120000    8262684          0          0        255       1455
    122000    8388761          0          0        256       1451
    124000    8514990          0          0        257       1444
    126000    8641904          0          0        259       1442
    128000    8767957          0          0        261       1436
    130000    8896298          0          0        269       1430
    132000    9025646          0          0        270       1428
    134000    9153884          0          0        272       1423
    136000    9280936          0          0        275       1415
    138000    9411305          0          0        277       1413
    140000    9542250          0          0        280       1412
    142000    9673513          0          0        281       1409
    144000    9804282          0          0        283       1406
    146000    9936960          0          0        306       1402
    148000   10067692          0          0        310       1397
    150000   10197921          0          0        379       1395
    152000   10327171          0          0        382       1390
    154000   10455137          0          0        383       1388
    156000   10584375          0          0        386       1388
    158000   10715139          0          0        388       1385
    160000   10846476          0          0        392       1380
    162000   10977927          0          0        394       1377
    164000   11108026          0          0        395       1375
    166000   11237450          0          0        429       1366
    168000   11366703          0          0        431       1366
    170000   11495213          0          0        470       1363
    172000   11622456          0          0        471       1361
    174000   11750526          0          0        472       1355
    176000   11878352          0          0        489       1352
    178000   12005057          0          0        492       1348
    180000   12130357          0          0        499       1346
    182000   12257572          0          0        500       1340
    184000   12385349          0          0        501       1337
    186000   12512507          0          0        513       1334
    188000   12640007          0          0        515       1333
    190000   12767589          0          0        517       1328
    192000   12893042          0          0        519       1322
    194000   13020339          0          0        521       1317
    196000   13145537          0          0        523       1313
    198000   13272082          0          0        525       1305
    200000   13395748          0          0        528       1301
    202000   13519298          0          0        529       1298
    204000   13642055          0          0        531       1295
    206000   13765033          0          0        575       1290
    208000   13889814          0          0        598       1287
    210000   14012792          0          0        633       1285
    212000   14133299          0          0        634       1282
    214000   14254161          0          0        635       1280
    216000   14377834          0          0        637       1274
    218000   14496752          0          0        639       1269
    220000   14612757          0          0        708       1266
    222000   14727557          0          0        711       1264
    224000   14842042          0          0        712       1261
    226000   14956592          0          0        719       1260
    228000   15070908          0          0        721       1257
    230000   15182944          0          0        725       1252
    232000   15296038          0          0        726       1248
    234000   15408404          0          0        728       1246
    236000   15520073          0          0        730       1241
    238000   15632826          0          0        732       1239
    240000   15744881          0          0        734       1236
    242000   15857255          0          0        736       1233
    244000   15969786          0          0        737       1230
    246000   16082849          0          0        739       1224
    248000   16195070          0          0        741       1220
    250000   16306922          0          0        746       1218
    252000   16419047          0          0        748       1214
    254000   16530158          0          0        749       1213
    256000   16641083          0          0        751       1210
    258000   16752419          0          0        753       1206
    260000   16862278          0          0        756       1205
    262000   16971346          0          0        758       1203
    264000   17081121          0          0        759       1201
    266000   17192153          0          0        788       1196
    268000   17304235          0          0        843       1194
    270000   17417563          0          0        867       1190
    272000   17513826          0          0        872       1188
    274000   17595918          0          0        873       1184
    276000   17677125          0          0        875       1184
    278000   17758342          0          0        877       1181
    280000   17839739          0          0        899       1177
    282000   17921152          0          0        900       1176
    284000   18002766          0          0        900       1174
    286000   18083786          0          0        950       1173
    288000   18165032          0          0        952       1172
    290000   18245677          0          0        972       1169
    292000   18327035          0          0        973       1168
    294000   18407568          0          0        973       1166
    296000   18487749          0          0        979       1162
    298000   18567983          0          0        980       1156
    300000   18648174          0          0        982       1155
    302000   18728838          0          0        983       1152
    304000   18808364          0          0        984       1152
    306000   18890139          0          0        989       1149
    308000   18974911          0          0        990       1148
    310000   19061185          0          0        992       1146
    312000   19149166          0          0        993       1141
    314000   19237693          0          0        995       1138
    316000   19326613          0          0        996       1135
    318000   19415360          0          0        997       1133
    320000   19506490          0          0      1e+03       1130
    322000   19597738          0          0      1e+03       1126
    324000   19688169          0          0      1e+03       1126
    326000   19779075          0          0   1.03e+03       1124
    328000   19870264          0          0   1.03e+03       1122
    330000   19962429          0          0   1.09e+03       1119
    332000   20054703          0          0   1.09e+03       1117
    334000   20146875          0          0   1.09e+03       1117
    336000   20238689          0          0   1.13e+03       1113
    338000   20330482          0          0   1.13e+03       1111
    340000   20422509          0          0   1.17e+03       1107
    342000   20513301          0          0   1.17e+03       1104
    344000   20603064          0          0   1.17e+03       1102
    346000   20693201          0          0   1.17e+03       1100
    348000   20782249          0          0   1.17e+03       1099
    350000   20871041          0          0   1.18e+03       1094
    352000   20958993          0          0   1.18e+03       1094
    354000   21048375          0          0   1.18e+03       1093
    356000   21139826          0          0   1.18e+03       1087
    358000   21229722          0          0   1.18e+03       1086
    360000   21320146          0          0   1.19e+03       1084
    362000   21410446          0          0   1.19e+03       1081
    364000   21499674          0          0   1.19e+03       1079
    366000   21587555          0          0   1.19e+03       1075
    368000   21675560          0          0   1.19e+03       1071
    370000   21764447          0          0   1.19e+03       1068
    372000   21855643          0          0   1.19e+03       1068
    374000   21948451          0          0   1.19e+03       1066
    376000   22041369          0          0   1.24e+03       1064
    378000   22133048          0          0   1.25e+03       1060
    380000   22226854          0          0   1.31e+03       1059
    382000   22321354          0          0   1.32e+03       1058
    384000   22414964          0          0   1.32e+03       1056
    386000   22507552          0          0   1.34e+03       1055
    388000   22600311          0          0   1.34e+03       1054
    390000   22692230          0          0   1.34e+03       1053
    392000   22784354          0          0   1.34e+03       1051
    394000   22876344          0          0   1.34e+03       1045
    396000   22967869          0          0   1.35e+03       1044
    398000   23058222          0          0   1.36e+03       1040
    400000   23147012          0          0   1.36e+03       1038
    402000   23236823          0          0   1.36e+03       1038
    404000   23326813          0          0   1.36e+03       1035
    406000   23415138          0          0   1.37e+03       1034
    408000   23504200          0          0   1.37e+03       1032
    410000   23594336          0          0   1.37e+03       1030
    412000   23683333          0          0   1.37e+03       1029
    414000   23772269          0          0   1.37e+03       1029
    416000   23861372          0          0   1.38e+03       1027
    418000   23949806          0          0   1.38e+03       1026
    420000   24038501          0          0   1.39e+03       1023
    422000   24128664          0          0   1.39e+03       1019
    424000   24219048          0          0   1.39e+03       1016
    426000   24310023          0          0   1.44e+03       1015
    428000   24400192          0          0   1.47e+03       1013
    430000   24491924          0          0   1.49e+03       1012
    432000   24584054          0          0    1.5e+03       1007
    434000   24676648          0          0    1.5e+03       1007
    436000   24768143          0          0   1.53e+03       1004
    438000   24859855          0          0   1.54e+03       1003
    440000   24949119          0          0   1.54e+03       1001
    442000   25037672          0          0   1.55e+03        998
    444000   25127690          0          0   1.55e+03        997
    446000   25216373          0          0   1.55e+03        995
    448000   25304870          0          0   1.55e+03        993
    450000   25392543          0          0   1.56e+03        990
    452000   25479086          0          0   1.56e+03        990
    454000   25565971          0          0   1.56e+03        988
    456000   25653896          0          0   1.57e+03        988
    458000   25741274          0          0   1.58e+03        986
    460000   25828997          0          0   1.59e+03        984
    462000   25915716          0          0   1.59e+03        982
    464000   26001792          0          0   1.59e+03        982
    466000   26088382          0          0    1.6e+03        980
    468000   26175346          0          0    1.6e+03        979
    470000   26265846          0          0    1.6e+03        978
    472000   26354772          0          0    1.6e+03        977
    474000   26442526          0          0   1.61e+03        975
    476000   26529524          0          0   1.68e+03        973
    478000   26615165          0          0   1.69e+03        973
    480000   26702049          0          0   1.69e+03        970
    482000   26788197          0          0   1.69e+03        970
    484000   26873136          0          0    1.7e+03        968
    486000   26956408          0          0   1.71e+03        965
    488000   27040871          0          0   1.71e+03        961
    490000   27123949          0          0   1.71e+03        957
    492000   27206279          0          0   1.71e+03        956
    494000   27286289          0          0   1.71e+03        952
    496000   27366810          0          0   1.72e+03        949
    498000   27450046          0          0   1.72e+03        946
    500000   27534338          0          0   1.74e+03        944
Loop time of 1737.56 on 1 procs

Solve time (%) = 29.7768 (1.71372)
Update time (%) = 0 (0)
Comm  time (%) = 0 (0)
Outpt time (%) = 1487.23 (85.5934)
App   time (%) = 216.683 (12.4706)
Other time (%) = 3.86216 (0.222276)

